💾 Taking MySQL Backup...
mysqldump: [Warning] Using a password on the command line interface can be insecure.
✅ MySQL backup successful: /mnt/e/kanishk data/projects/UNICRO/backups/charity_website_31-10-2025_08-26.sql
📦 Pushing latest code to GitHub...
[main 5c29c09] Auto-deploy: Fri Oct 31 08:26:16 UTC 2025
 2 files changed, 405 insertions(+)
 create mode 100644 backups/charity_website_31-10-2025_08-26.sql
 create mode 100644 logs/deploy_31-10-2025_08-26.log
To https://github.com/unicrofoundation-torr/unicro_new.git
   881eaef..5c29c09  main -> main
✅ GitHub push successful
🌐 Uploading to cPanel using rsync...
@@@@@@@@@@@@@@@@@@@@@@@@@@@@@@@@@@@@@@@@@@@@@@@@@@@@@@@@@@@
@         WARNING: UNPROTECTED PRIVATE KEY FILE!          @
@@@@@@@@@@@@@@@@@@@@@@@@@@@@@@@@@@@@@@@@@@@@@@@@@@@@@@@@@@@
Permissions 0777 for '/mnt/c/Users/KanishkRajSinghDodiy/Downloads/key_private' are too open.
It is required that your private key files are NOT accessible by others.
This private key will be ignored.
Load key "/mnt/c/Users/KanishkRajSinghDodiy/Downloads/key_private": bad permissions
Permission denied, please try again.
Permission denied, please try again.
theomkiq@server357.web-hosting.com: Permission denied (publickey,gssapi-keyex,gssapi-with-mic,password).
rsync: connection unexpectedly closed (0 bytes received so far) [sender]
rsync error: unexplained error (code 255) at io.c(232) [sender=3.2.7]
❌ Deployment failed during upload.
