💾 Taking MySQL Backup (Local)...
mysqldump: [Warning] Using a password on the command line interface can be insecure.
✅ MySQL backup successful: /mnt/e/kanishk data/projects/UNICRO/backups/charity_website_09-11-2025_06-22.sql
📦 Pushing latest code to GitHub...
[main 1efd89b] Auto-deploy: Sun Nov  9 06:23:01 UTC 2025
 4 files changed, 657 insertions(+), 26 deletions(-)
 create mode 100644 backups/charity_website_09-11-2025_06-22.sql
 create mode 100644 logs/deploy_09-11-2025_06-22.log
To https://github.com/unicrofoundation-torr/unicro_new.git
   d899529..1efd89b  main -> main
🏗️ Building React project...

up to date, audited 1351 packages in 5s

272 packages are looking for funding
  run `npm fund` for details

9 vulnerabilities (3 moderate, 6 high)

To address all issues (including breaking changes), run:
  npm audit fix --force

Run `npm audit` for details.

> client@0.1.0 build
> react-scripts build

Creating an optimized production build...
Compiled with warnings.

[eslint] 
src\pages\Shortcodes.js
  Line 32:19:  The href attribute requires a valid value to be accessible. Provide a valid, navigable address as the href value. If you cannot provide a valid href, but still need the element to resemble a link, use a button and change it with appropriate styles. Learn more: https://github.com/jsx-eslint/eslint-plugin-jsx-a11y/blob/HEAD/docs/rules/anchor-is-valid.md  jsx-a11y/anchor-is-valid
  Line 33:19:  The href attribute requires a valid value to be accessible. Provide a valid, navigable address as the href value. If you cannot provide a valid href, but still need the element to resemble a link, use a button and change it with appropriate styles. Learn more: https://github.com/jsx-eslint/eslint-plugin-jsx-a11y/blob/HEAD/docs/rules/anchor-is-valid.md  jsx-a11y/anchor-is-valid
  Line 34:19:  The href attribute requires a valid value to be accessible. Provide a valid, navigable address as the href value. If you cannot provide a valid href, but still need the element to resemble a link, use a button and change it with appropriate styles. Learn more: https://github.com/jsx-eslint/eslint-plugin-jsx-a11y/blob/HEAD/docs/rules/anchor-is-valid.md  jsx-a11y/anchor-is-valid
  Line 35:19:  The href attribute requires a valid value to be accessible. Provide a valid, navigable address as the href value. If you cannot provide a valid href, but still need the element to resemble a link, use a button and change it with appropriate styles. Learn more: https://github.com/jsx-eslint/eslint-plugin-jsx-a11y/blob/HEAD/docs/rules/anchor-is-valid.md  jsx-a11y/anchor-is-valid
  Line 45:19:  The href attribute requires a valid value to be accessible. Provide a valid, navigable address as the href value. If you cannot provide a valid href, but still need the element to resemble a link, use a button and change it with appropriate styles. Learn more: https://github.com/jsx-eslint/eslint-plugin-jsx-a11y/blob/HEAD/docs/rules/anchor-is-valid.md  jsx-a11y/anchor-is-valid
  Line 46:19:  The href attribute requires a valid value to be accessible. Provide a valid, navigable address as the href value. If you cannot provide a valid href, but still need the element to resemble a link, use a button and change it with appropriate styles. Learn more: https://github.com/jsx-eslint/eslint-plugin-jsx-a11y/blob/HEAD/docs/rules/anchor-is-valid.md  jsx-a11y/anchor-is-valid
  Line 47:19:  The href attribute requires a valid value to be accessible. Provide a valid, navigable address as the href value. If you cannot provide a valid href, but still need the element to resemble a link, use a button and change it with appropriate styles. Learn more: https://github.com/jsx-eslint/eslint-plugin-jsx-a11y/blob/HEAD/docs/rules/anchor-is-valid.md  jsx-a11y/anchor-is-valid
  Line 48:19:  The href attribute requires a valid value to be accessible. Provide a valid, navigable address as the href value. If you cannot provide a valid href, but still need the element to resemble a link, use a button and change it with appropriate styles. Learn more: https://github.com/jsx-eslint/eslint-plugin-jsx-a11y/blob/HEAD/docs/rules/anchor-is-valid.md  jsx-a11y/anchor-is-valid
  Line 55:19:  The href attribute requires a valid value to be accessible. Provide a valid, navigable address as the href value. If you cannot provide a valid href, but still need the element to resemble a link, use a button and change it with appropriate styles. Learn more: https://github.com/jsx-eslint/eslint-plugin-jsx-a11y/blob/HEAD/docs/rules/anchor-is-valid.md  jsx-a11y/anchor-is-valid
  Line 56:19:  The href attribute requires a valid value to be accessible. Provide a valid, navigable address as the href value. If you cannot provide a valid href, but still need the element to resemble a link, use a button and change it with appropriate styles. Learn more: https://github.com/jsx-eslint/eslint-plugin-jsx-a11y/blob/HEAD/docs/rules/anchor-is-valid.md  jsx-a11y/anchor-is-valid
  Line 57:19:  The href attribute requires a valid value to be accessible. Provide a valid, navigable address as the href value. If you cannot provide a valid href, but still need the element to resemble a link, use a button and change it with appropriate styles. Learn more: https://github.com/jsx-eslint/eslint-plugin-jsx-a11y/blob/HEAD/docs/rules/anchor-is-valid.md  jsx-a11y/anchor-is-valid
  Line 58:19:  The href attribute requires a valid value to be accessible. Provide a valid, navigable address as the href value. If you cannot provide a valid href, but still need the element to resemble a link, use a button and change it with appropriate styles. Learn more: https://github.com/jsx-eslint/eslint-plugin-jsx-a11y/blob/HEAD/docs/rules/anchor-is-valid.md  jsx-a11y/anchor-is-valid
  Line 65:19:  The href attribute requires a valid value to be accessible. Provide a valid, navigable address as the href value. If you cannot provide a valid href, but still need the element to resemble a link, use a button and change it with appropriate styles. Learn more: https://github.com/jsx-eslint/eslint-plugin-jsx-a11y/blob/HEAD/docs/rules/anchor-is-valid.md  jsx-a11y/anchor-is-valid
  Line 66:19:  The href attribute requires a valid value to be accessible. Provide a valid, navigable address as the href value. If you cannot provide a valid href, but still need the element to resemble a link, use a button and change it with appropriate styles. Learn more: https://github.com/jsx-eslint/eslint-plugin-jsx-a11y/blob/HEAD/docs/rules/anchor-is-valid.md  jsx-a11y/anchor-is-valid
  Line 67:19:  The href attribute requires a valid value to be accessible. Provide a valid, navigable address as the href value. If you cannot provide a valid href, but still need the element to resemble a link, use a button and change it with appropriate styles. Learn more: https://github.com/jsx-eslint/eslint-plugin-jsx-a11y/blob/HEAD/docs/rules/anchor-is-valid.md  jsx-a11y/anchor-is-valid
  Line 68:19:  The href attribute requires a valid value to be accessible. Provide a valid, navigable address as the href value. If you cannot provide a valid href, but still need the element to resemble a link, use a button and change it with appropriate styles. Learn more: https://github.com/jsx-eslint/eslint-plugin-jsx-a11y/blob/HEAD/docs/rules/anchor-is-valid.md  jsx-a11y/anchor-is-valid

Search for the keywords to learn more about each warning.
To ignore, add // eslint-disable-next-line to the line before.

File sizes after gzip:

  129.48 kB (+123 B)  build\static\js\main.9e511b94.js
  9.07 kB             build\static\css\main.c138ef93.css
  1.76 kB             build\static\js\453.eb570f4f.chunk.js

The project was built assuming it is hosted at /.
You can control this with the homepage field in your package.json.

The build folder is ready to be deployed.
You may serve it with a static server:

  npm install -g serve
  serve -s build

Find out more about deployment here:

  https://cra.link/deployment

✅ React build successful
🌐 Uploading frontend build to cPanel...
sending incremental file list
./
asset-manifest.json
favicon.ico
index.html
logo192.png
logo512.png
manifest.json
robots.txt
images/
images/gallery/
images/our-work/
static/
static/css/
static/css/main.c138ef93.css
static/css/main.c138ef93.css.map
static/js/
static/js/453.eb570f4f.chunk.js
static/js/453.eb570f4f.chunk.js.map
static/js/main.9e511b94.js
static/js/main.9e511b94.js.LICENSE.txt
static/js/main.9e511b94.js.map
uploads/
uploads/logo-1760602707648-414861542.png
uploads/slider-1760607543331-848370662.jpeg
uploads/slider-1760607676270-46676797.jpg
uploads/blogs/
uploads/blogs/image-1762415018037-310476965.png
uploads/gallery/
uploads/gallery/file-1761553878966-389787429.mp4
uploads/gallery/file-1761553994467-847974385.mp4
uploads/gallery/file-1761554443908-558969165.mp4
uploads/gallery/file-1761808433805-270845969.jpg
uploads/gallery/image-1761545067430-3733912.jpeg
uploads/gallery/image-1761545603443-331250820.jpeg
uploads/gallery/image-1761545603464-728721846.jpeg
uploads/gallery/image-1761545603468-563504159.jpeg
uploads/gallery/image-1761545603477-528502307.jpeg
uploads/gallery/image-1761545603484-474807791.jpeg
uploads/gallery/image-1761545646164-119015798.jpeg
uploads/gallery/image-1761545646193-167496359.jpeg
uploads/gallery/image-1761545646206-885731558.jpeg
uploads/gallery/image-1761545646221-859674821.jpeg
uploads/gallery/image-1761545646233-280772266.jpeg
uploads/gallery/image-1761549838247-895066506.jpeg
uploads/gallery/image-1761549838260-292817717.jpeg
uploads/gallery/image-1761549838267-777150561.jpeg
uploads/gallery/image-1761549838283-97900579.jpeg
uploads/our-work/
uploads/our-work/after_image-1761553397887-60432303.jpeg
uploads/our-work/before_image-1761553397884-613423149.jpeg

sent 15,950,914 bytes  received 828 bytes  1,387,108.00 bytes/sec
total size is 18,001,081  speedup is 1.13
✅ Frontend deployment successful
🔧 Uploading backend to cPanel...
⚠️  NOTE: This assumes your cPanel supports Node.js
⚠️  If not, you'll need to deploy backend separately (VPS, Heroku, etc.)
📤 Uploading backend files...
sending incremental file list
./
admin.js
blogs.js
contact.js
database.js
demo.js
donations.js
footer.js
gallery.js
navigation.js
newsletter.js
ourWork.js
pages.js
schema.sql
siteSettings.js
slider.js

sent 25,052 bytes  received 304 bytes  4,610.18 bytes/sec
total size is 168,591  speedup is 6.65
✅ Backend files uploaded successfully
📦 Installing backend dependencies on server...
⚠️  Note: npm install will be done via cPanel Node.js app settings
⚠️  Or you can install manually via cPanel Terminal:
    cd ~/nodejs && npm install --production
Pseudo-terminal will not be allocated because stdin is not a terminal.
⚠️  npm not found in standard locations.
⚠️  Please install dependencies manually:
   1. Login to cPanel → Terminal
   2. Run: cd ~/nodejs && npm install --production
   3. Or use cPanel Node.js app settings to install dependencies
🗄️  SQL schema deployment skipped (manual import via phpMyAdmin)
📋 To import database schema manually:
   1. Login to cPanel → phpMyAdmin
   2. Select your database: theomkiq_charity
   3. Click 'Import' tab
   4. Upload: database/schema.sql from your project
   5. Click 'Go' to import

✅ Schema file is available at: /mnt/e/kanishk data/projects/UNICRO/database/schema.sql

=====================================================
📋 DEPLOYMENT SUMMARY
=====================================================
✅ Frontend: Deployed to ~/public_html
✅ Backend: Uploaded to ~/nodejs
⚠️  Database: Manual import required (see steps below)

🔧 NEXT STEPS:

1. 📦 Install Backend Dependencies:
   - Login to cPanel → Terminal
   - Run: cd ~/nodejs && npm install --production
   - OR use cPanel Node.js app settings to install

2. ⚙️  Setup Node.js App in cPanel:
   - Login to cPanel → Setup Node.js App
   - Create new application (if not already created)
   - Application Root: nodejs
   - Startup File: server.js
   - Add environment variables (DB_HOST, DB_USER, DB_PASS, DB_NAME, JWT_SECRET, etc.)

3. 🗄️  Import Database Schema:
   - Login to cPanel → phpMyAdmin
   - Select database: theomkiq_charity
   - Click 'Import' → Upload database/schema.sql

4. 🚀 Start/Restart Node.js App:
   - In cPanel → Setup Node.js App
   - Click 'Restart App' button

5. ✅ Test Backend API:
   - Visit: https://theonerupeerevolution.org/api/settings
   - Should return JSON data (not 404 or 500 error)

6. 📱 Verify Frontend:
   - Visit: https://theonerupeerevolution.org
   - Check browser console for errors
   - Navigation and footer should load correctly

📝 Logs saved at: /mnt/e/kanishk data/projects/UNICRO/logs/deploy_09-11-2025_06-22.log
=====================================================
